[    1100ms] [WARNING] WARN Scale bindings are currently only supported for scales with unbinned, continuous domains. @ http://localhost:8501/static/js/embed.Bqebd2RE.js:0
[    1105ms] [WARNING] WARN Dropping "fit-x" because spec has discrete width. @ http://localhost:8501/static/js/embed.Bqebd2RE.js:0
[    1122ms] [WARNING] WARN Infinite extent for field "value -- streamlit-generated_start": [Infinity, -Infinity] @ http://localhost:8501/static/js/embed.Bqebd2RE.js:0
[    1123ms] [WARNING] WARN Infinite extent for field "value -- streamlit-generated_end": [Infinity, -Infinity] @ http://localhost:8501/static/js/embed.Bqebd2RE.js:0
[    1133ms] [WARNING] WARN Scale bindings are currently only supported for scales with unbinned, continuous domains. @ http://localhost:8501/static/js/embed.Bqebd2RE.js:0
[    1134ms] [WARNING] WARN Dropping "fit-x" because spec has discrete width. @ http://localhost:8501/static/js/embed.Bqebd2RE.js:0
[    1144ms] [WARNING] WARN Infinite extent for field "value -- streamlit-generated_start": [Infinity, -Infinity] @ http://localhost:8501/static/js/embed.Bqebd2RE.js:0
[    1145ms] [WARNING] WARN Infinite extent for field "value -- streamlit-generated_end": [Infinity, -Infinity] @ http://localhost:8501/static/js/embed.Bqebd2RE.js:0
[    1216ms] [WARNING] WARN Scale bindings are currently only supported for scales with unbinned, continuous domains. @ http://localhost:8501/static/js/embed.Bqebd2RE.js:0
[    1227ms] [WARNING] WARN Infinite extent for field "value -- streamlit-generated_start": [Infinity, -Infinity] @ http://localhost:8501/static/js/embed.Bqebd2RE.js:0
[    1228ms] [WARNING] WARN Infinite extent for field "value -- streamlit-generated_end": [Infinity, -Infinity] @ http://localhost:8501/static/js/embed.Bqebd2RE.js:0
[    1232ms] [WARNING] WARN Scale bindings are currently only supported for scales with unbinned, continuous domains. @ http://localhost:8501/static/js/embed.Bqebd2RE.js:0
[    1240ms] [WARNING] WARN Infinite extent for field "value -- streamlit-generated_start": [Infinity, -Infinity] @ http://localhost:8501/static/js/embed.Bqebd2RE.js:0
[    1241ms] [WARNING] WARN Infinite extent for field "value -- streamlit-generated_end": [Infinity, -Infinity] @ http://localhost:8501/static/js/embed.Bqebd2RE.js:0
[  103952ms] [WARNING] WARN Scale bindings are currently only supported for scales with unbinned, continuous domains. @ http://localhost:8501/static/js/embed.Bqebd2RE.js:0
[  103954ms] [WARNING] WARN Dropping "fit-x" because spec has discrete width. @ http://localhost:8501/static/js/embed.Bqebd2RE.js:0
[  103967ms] [WARNING] WARN Infinite extent for field "value -- streamlit-generated_start": [Infinity, -Infinity] @ http://localhost:8501/static/js/embed.Bqebd2RE.js:0
[  103967ms] [WARNING] WARN Infinite extent for field "value -- streamlit-generated_end": [Infinity, -Infinity] @ http://localhost:8501/static/js/embed.Bqebd2RE.js:0
[  103978ms] [WARNING] WARN Scale bindings are currently only supported for scales with unbinned, continuous domains. @ http://localhost:8501/static/js/embed.Bqebd2RE.js:0
[  103980ms] [WARNING] WARN Dropping "fit-x" because spec has discrete width. @ http://localhost:8501/static/js/embed.Bqebd2RE.js:0
[  103985ms] [WARNING] WARN Infinite extent for field "value -- streamlit-generated_start": [Infinity, -Infinity] @ http://localhost:8501/static/js/embed.Bqebd2RE.js:0
[  103985ms] [WARNING] WARN Infinite extent for field "value -- streamlit-generated_end": [Infinity, -Infinity] @ http://localhost:8501/static/js/embed.Bqebd2RE.js:0
[  109738ms] [WARNING] WebSocket onclose @ http://localhost:8501/static/js/index.D2ZqaFuW.js:17
[  112091ms] [ERROR] Failed to load resource: net::ERR_CONNECTION_REFUSED @ http://localhost:8501/_stcore/health:0
[  112093ms] [ERROR] Failed to load resource: net::ERR_CONNECTION_REFUSED @ http://localhost:8501/_stcore/host-config:0
[  112328ms] [ERROR] Failed to load resource: net::ERR_CONNECTION_REFUSED @ http://localhost:8501/_stcore/health:0
